Removed Pin From Net: NetName=WALLGT Pin=Q1-2
Removed Pin From Net: NetName=VBUS Pin=Q3-1
Removed Pin From Net: NetName=VIN Pin=Q3-3
Removed Pin From Net: NetName=USBGT Pin=Q3-4
Removed Pin From Net: NetName=WALLGT Pin=R43-1
Removed Pin From Net: NetName=USBGT Pin=R48-1
Removed Pin From Net: NetName=VBUS Pin=T2-1
Removed Pin From Net: NetName=NetR49_1 Pin=T2-2
Removed Pin From Net: NetName=VBUS Pin=T2-3
Removed Pin From Net: NetName=NetR49_1 Pin=T2-4
Removed Pin From Net: NetName=VBUS Pin=T2-5
Added Pin To Net: NetName=USBGT Pin=Q1-2
Added Pin To Net: NetName=NetQ1_5 Pin=Q1-9
Added Pin To Net: NetName=VIN Pin=Q3-1
Added Pin To Net: NetName=WALLGT Pin=Q3-2
Added Pin To Net: NetName=VBUS Pin=Q3-3
Added Pin To Net: NetName=NetQ3_5 Pin=Q3-9
Added Pin To Net: NetName=USBGT Pin=R43-1
Added Pin To Net: NetName=WALLGT Pin=R48-1
Added Pin To Net: NetName=NetR49_1 Pin=T2-1
Added Pin To Net: NetName=VBUS Pin=T2-2
Added Pin To Net: NetName=VBUS Pin=T2-4
Added Pin To Net: NetName=NetR49_1 Pin=T2-5
Added Pin To Net: NetName=VBUS Pin=T2-6
Added Pin To Net: NetName=NetQ3_4 Pin=Q3-4
Added Pin To Net: NetName=NetQ3_4 Pin=R48-2
Added Pin To Net: NetName=NetQ3_4 Pin=T2-3
Added Net: Name=NetQ3_4
