Removed Pin From Net: NetName=BAT_SDA Pin=IC6-1
Removed Pin From Net: NetName=BAT_SCL Pin=IC6-28
Removed Pin From Net: NetName=BAT_SCL Pin=P1-16
Removed Pin From Net: NetName=BAT_SDA Pin=P1-18
Change Component Designator: OldDesignator=R12 NewDesignator=R?
Change Component Designator: OldDesignator=R13 NewDesignator=R?
Added Component: Designator=R12(J1-0603)
Add component. Clean all parameters for all variants
Add component (AddParameter): Name = "LatestRevisionDate"; Value = "29-May-2009"; VariantName = "[No Variations]"
Add component (AddParameter): Name = "LatestRevisionNote"; Value = "IPC-7351 Footprint Added."; VariantName = "[No Variations]"
Add component (AddParameter): Name = "PackageDescription"; Value = "Chip Resistor"; VariantName = "[No Variations]"
Add component (AddParameter): Name = "PackageReference"; Value = "J1-0603"; VariantName = "[No Variations]"
Add component (AddParameter): Name = "Published"; Value = "8-Jun-2000"; VariantName = "[No Variations]"
Add component (AddParameter): Name = "Publisher"; Value = "Altium Limited"; VariantName = "[No Variations]"
Add component (AddParameter): Name = "Value"; Value = "0R"; VariantName = "[No Variations]"
Added Component: Designator=R13(J1-0603)
Add component. Clean all parameters for all variants
Add component (AddParameter): Name = "LatestRevisionDate"; Value = "29-May-2009"; VariantName = "[No Variations]"
Add component (AddParameter): Name = "LatestRevisionNote"; Value = "IPC-7351 Footprint Added."; VariantName = "[No Variations]"
Add component (AddParameter): Name = "PackageDescription"; Value = "Chip Resistor"; VariantName = "[No Variations]"
Add component (AddParameter): Name = "PackageReference"; Value = "J1-0603"; VariantName = "[No Variations]"
Add component (AddParameter): Name = "Published"; Value = "8-Jun-2000"; VariantName = "[No Variations]"
Add component (AddParameter): Name = "Publisher"; Value = "Altium Limited"; VariantName = "[No Variations]"
Add component (AddParameter): Name = "Value"; Value = "0R"; VariantName = "[No Variations]"
Added Pin To Net: NetName=BAT_SDA Pin=R12-2
Added Pin To Net: NetName=BAT_SCL Pin=R13-2
Added Pin To Net: NetName=CHG_SCL Pin=IC6-28
Added Pin To Net: NetName=CHG_SCL Pin=P1-16
Added Pin To Net: NetName=CHG_SCL Pin=R13-1
Added Net: Name=CHG_SCL
Added Pin To Net: NetName=CHG_SDA Pin=IC6-1
Added Pin To Net: NetName=CHG_SDA Pin=P1-18
Added Pin To Net: NetName=CHG_SDA Pin=R12-1
Added Net: Name=CHG_SDA
Added Member To Class: ClassName=[00] Block Diagram Member=Component R12 Res3
Added Member To Class: ClassName=[00] Block Diagram Member=Component R13 Res3
