Added Component: Designator=Q1(POWERPAK-SO8_1)
Add component. Clean all parameters for all variants
Add component (AddParameter): Name = "Datasheet Link"; Value = "https://www.vishay.com/docs/65365/si7938dp.pdf"; VariantName = "[No Variations]"
Add component (AddParameter): Name = "Manufacturer_Name"; Value = "Vishay"; VariantName = "[No Variations]"
Add component (AddParameter): Name = "Manufacturer_Part_Number"; Value = "SI7938DP-T1-GE3"; VariantName = "[No Variations]"
Add component (AddParameter): Name = "Mouser2 Part Number"; Value = ""; VariantName = "[No Variations]"
Add component (AddParameter): Name = "Mouser2 Price/Stock"; Value = ""; VariantName = "[No Variations]"
Added Component: Designator=Q3(POWERPAK-SO8_1)
Add component. Clean all parameters for all variants
Add component (AddParameter): Name = "Datasheet Link"; Value = "https://www.vishay.com/docs/65365/si7938dp.pdf"; VariantName = "[No Variations]"
Add component (AddParameter): Name = "Manufacturer_Name"; Value = "Vishay"; VariantName = "[No Variations]"
Add component (AddParameter): Name = "Manufacturer_Part_Number"; Value = "SI7938DP-T1-GE3"; VariantName = "[No Variations]"
Add component (AddParameter): Name = "Mouser2 Part Number"; Value = ""; VariantName = "[No Variations]"
Add component (AddParameter): Name = "Mouser2 Price/Stock"; Value = ""; VariantName = "[No Variations]"
Added Component: Designator=T1(SOT65P210X110-6N)
Add component. Clean all parameters for all variants
Add component (AddParameter): Name = "Author"; Value = "CERN DEM JMW"; VariantName = "[No Variations]"
Add component (AddParameter): Name = "Bonding"; Value = "No"; VariantName = "[No Variations]"
Add component (AddParameter): Name = "Case"; Value = "SOT363"; VariantName = "[No Variations]"
Add component (AddParameter): Name = "ComponentHeight"; Value = "1.1mm"; VariantName = "[No Variations]"
Add component (AddParameter): Name = "Component Type"; Value = "Standard"; VariantName = "[No Variations]"
Add component (AddParameter): Name = "CreateDate"; Value = "10.07.2015"; VariantName = "[No Variations]"
Add component (AddParameter): Name = "Device"; Value = "BC847BS"; VariantName = "[No Variations]"
Add component (AddParameter): Name = "HelpURL"; Value = "\\cern.ch\dfs\Applications\Altium\Datasheets\BC847BS.pdf"; VariantName = "[No Variations]"
Add component (AddParameter): Name = "LatestRevisionDate"; Value = "10.07.2015"; VariantName = "[No Variations]"
Add component (AddParameter): Name = "Manufacturer"; Value = "NXP SEMICONDUCTORS"; VariantName = "[No Variations]"
Add component (AddParameter): Name = "Manufacturer Part Number"; Value = "BC847BS"; VariantName = "[No Variations]"
Add component (AddParameter): Name = "Mounted"; Value = "Yes"; VariantName = "[No Variations]"
Add component (AddParameter): Name = "PackageDescription"; Value = "SOT363, SC-88, SOT, 0.65mm Pitch, 6 pin, 1.25mm W X 2.00mm L X 1.10mm H, IPC Medium Density"; VariantName = "[No Variations]"
Add component (AddParameter): Name = "Part Description"; Value = "45V 100mA Dual NPN General-Purpose Transistor"; VariantName = "[No Variations]"
Add component (AddParameter): Name = "Part Number"; Value = "BC847BS"; VariantName = "[No Variations]"
Add component (AddParameter): Name = "Pin Count"; Value = "6"; VariantName = "[No Variations]"
Add component (AddParameter): Name = "PressFit"; Value = "No"; VariantName = "[No Variations]"
Add component (AddParameter): Name = "Sense"; Value = "No"; VariantName = "[No Variations]"
Add component (AddParameter): Name = "SMD"; Value = "Yes"; VariantName = "[No Variations]"
Add component (AddParameter): Name = "Socket"; Value = "No"; VariantName = "[No Variations]"
Added Component: Designator=T2(SOT65P210X110-6N)
Add component. Clean all parameters for all variants
Add component (AddParameter): Name = "Author"; Value = "CERN DEM JMW"; VariantName = "[No Variations]"
Add component (AddParameter): Name = "Bonding"; Value = "No"; VariantName = "[No Variations]"
Add component (AddParameter): Name = "Case"; Value = "SOT363"; VariantName = "[No Variations]"
Add component (AddParameter): Name = "ComponentHeight"; Value = "1.1mm"; VariantName = "[No Variations]"
Add component (AddParameter): Name = "Component Type"; Value = "Standard"; VariantName = "[No Variations]"
Add component (AddParameter): Name = "CreateDate"; Value = "10.07.2015"; VariantName = "[No Variations]"
Add component (AddParameter): Name = "Device"; Value = "BC847BS"; VariantName = "[No Variations]"
Add component (AddParameter): Name = "HelpURL"; Value = "\\cern.ch\dfs\Applications\Altium\Datasheets\BC847BS.pdf"; VariantName = "[No Variations]"
Add component (AddParameter): Name = "LatestRevisionDate"; Value = "10.07.2015"; VariantName = "[No Variations]"
Add component (AddParameter): Name = "Manufacturer"; Value = "NXP SEMICONDUCTORS"; VariantName = "[No Variations]"
Add component (AddParameter): Name = "Manufacturer Part Number"; Value = "BC847BS"; VariantName = "[No Variations]"
Add component (AddParameter): Name = "Mounted"; Value = "Yes"; VariantName = "[No Variations]"
Add component (AddParameter): Name = "PackageDescription"; Value = "SOT363, SC-88, SOT, 0.65mm Pitch, 6 pin, 1.25mm W X 2.00mm L X 1.10mm H, IPC Medium Density"; VariantName = "[No Variations]"
Add component (AddParameter): Name = "Part Description"; Value = "45V 100mA Dual NPN General-Purpose Transistor"; VariantName = "[No Variations]"
Add component (AddParameter): Name = "Part Number"; Value = "BC847BS"; VariantName = "[No Variations]"
Add component (AddParameter): Name = "Pin Count"; Value = "6"; VariantName = "[No Variations]"
Add component (AddParameter): Name = "PressFit"; Value = "No"; VariantName = "[No Variations]"
Add component (AddParameter): Name = "Sense"; Value = "No"; VariantName = "[No Variations]"
Add component (AddParameter): Name = "SMD"; Value = "Yes"; VariantName = "[No Variations]"
Add component (AddParameter): Name = "Socket"; Value = "No"; VariantName = "[No Variations]"
Added Pin To Net: NetName=VIN Pin=Q1-1
Added Pin To Net: NetName=USBGT Pin=Q1-2
Added Pin To Net: NetName=VDC Pin=Q1-3
Added Pin To Net: NetName=NetQ1_4 Pin=Q1-4
Added Pin To Net: NetName=NetQ1_5 Pin=Q1-5
Added Pin To Net: NetName=NetQ1_5 Pin=Q1-6
Added Pin To Net: NetName=NetQ1_5 Pin=Q1-7
Added Pin To Net: NetName=NetQ1_5 Pin=Q1-8
Added Pin To Net: NetName=NetQ1_5 Pin=Q1-9
Added Pin To Net: NetName=NetQ1_5 Pin=Q1-10
Added Pin To Net: NetName=VIN Pin=Q3-1
Added Pin To Net: NetName=WALLGT Pin=Q3-2
Added Pin To Net: NetName=VBUS Pin=Q3-3
Added Pin To Net: NetName=NetQ3_4 Pin=Q3-4
Added Pin To Net: NetName=NetQ3_5 Pin=Q3-5
Added Pin To Net: NetName=NetQ3_5 Pin=Q3-6
Added Pin To Net: NetName=NetQ3_5 Pin=Q3-7
Added Pin To Net: NetName=NetQ3_5 Pin=Q3-8
Added Pin To Net: NetName=NetQ3_5 Pin=Q3-9
Added Pin To Net: NetName=NetQ3_5 Pin=Q3-10
Added Pin To Net: NetName=NetR45_1 Pin=T1-1
Added Pin To Net: NetName=VDC Pin=T1-2
Added Pin To Net: NetName=NetQ1_4 Pin=T1-3
Added Pin To Net: NetName=VDC Pin=T1-4
Added Pin To Net: NetName=NetR45_1 Pin=T1-5
Added Pin To Net: NetName=VDC Pin=T1-6
Added Pin To Net: NetName=NetR49_1 Pin=T2-1
Added Pin To Net: NetName=VBUS Pin=T2-2
Added Pin To Net: NetName=NetQ3_4 Pin=T2-3
Added Pin To Net: NetName=VBUS Pin=T2-4
Added Pin To Net: NetName=NetR49_1 Pin=T2-5
Added Pin To Net: NetName=VBUS Pin=T2-6
Added Member To Class: ClassName=U_[01] Power Member=Component Q1 SI7938DP-T1-GE3
Added Member To Class: ClassName=U_[01] Power Member=Component Q3 SI7938DP-T1-GE3
Added Member To Class: ClassName=U_[01] Power Member=Component T1 BC847BS
Added Member To Class: ClassName=U_[01] Power Member=Component T2 BC847BS
Added Room: Name=U_[01] Power
