Removed Pin From Net: NetName=GOOD_BAT Pin=R1-1
Removed Pin From Net: NetName=BAT_ALRT Pin=R2-2
Removed Pin From Net: NetName=CHG_AL Pin=R3-1
Removed Pin From Net: NetName=BAT_SDA Pin=R4-2
Removed Pin From Net: NetName=CHG_DET Pin=R5-1
Removed Pin From Net: NetName=BAT_SCL Pin=R6-2
Removed Pin From Net: NetName=CHG_IRQ Pin=R7-2
Removed Pin From Net: NetName=SW_OPEN Pin=R9-1
Removed Pin From Net: NetName=USB_PU Pin=R39-1
Removed Member From Class: ClassName=[00] Block Diagram Member=R1
Removed Member From Class: ClassName=[00] Block Diagram Member=R2
Removed Member From Class: ClassName=[00] Block Diagram Member=R3
Removed Member From Class: ClassName=[00] Block Diagram Member=R4
Removed Member From Class: ClassName=[00] Block Diagram Member=R5
Removed Member From Class: ClassName=[00] Block Diagram Member=R6
Removed Member From Class: ClassName=[00] Block Diagram Member=R7
Removed Member From Class: ClassName=[00] Block Diagram Member=R8
Removed Member From Class: ClassName=[00] Block Diagram Member=R9
Removed Member From Class: ClassName=[00] Block Diagram Member=R10
Removed Member From Class: ClassName=[00] Block Diagram Member=R39
Added Pin To Net: NetName=BAT_SDA Pin=IC6-1
Added Pin To Net: NetName=BAT_SCL Pin=IC6-28
Added Pin To Net: NetName=USB_PU Pin=P1-9
Added Pin To Net: NetName=GOOD_BAT Pin=P1-11
Added Pin To Net: NetName=CHG_IRQ Pin=P1-12
Added Pin To Net: NetName=CHG_AL Pin=P1-13
Added Pin To Net: NetName=BAT_ALRT Pin=P1-14
Added Pin To Net: NetName=SW_OPEN Pin=P1-15
Added Pin To Net: NetName=BAT_SCL Pin=P1-16
Added Pin To Net: NetName=CHG_DET Pin=P1-17
Added Pin To Net: NetName=BAT_SDA Pin=P1-18
