Removed Pin From Net: NetName=GND Pin=SW1-0
Removed Pin From Net: NetName=GND Pin=SW1-0
Removed Member From Class: ClassName=[001] USB Member=C2
Removed Member From Class: ClassName=[004] Charger Member=C4
Removed Member From Class: ClassName=[002] Battery Member=C10
Removed Member From Class: ClassName=[000] Block Diagram Member=C13
Removed Member From Class: ClassName=[002] Battery Member=C13
Removed Member From Class: ClassName=[000] Block Diagram Member=C16
Removed Member From Class: ClassName=[002] Battery Member=C17
Removed Member From Class: ClassName=[000] Block Diagram Member=IC1
Removed Member From Class: ClassName=[001] USB Member=IC6
Removed Member From Class: ClassName=[000] Block Diagram Member=R9
Removed Member From Class: ClassName=[001] USB Member=R11
Removed Member From Class: ClassName=[003] Connectors Member=R12
Removed Member From Class: ClassName=[004] Charger Member=R12
Removed Member From Class: ClassName=[004] Charger Member=R13
Removed Member From Class: ClassName=[000] Block Diagram Member=R14
Removed Member From Class: ClassName=[004] Charger Member=R16
Removed Member From Class: ClassName=[003] Connectors Member=R30
Removed Member From Class: ClassName=[000] Block Diagram Member=R31
Removed Member From Class: ClassName=[004] Charger Member=R31
Removed Member From Class: ClassName=[002] Battery Member=R32
Removed Member From Class: ClassName=[002] Battery Member=R33
Removed Member From Class: ClassName=[004] Charger Member=R33
Removed Member From Class: ClassName=[000] Block Diagram Member=R36
Removed Member From Class: ClassName=[001] USB Member=R36
Removed Member From Class: ClassName=[004] Charger Member=R39
Removed Member From Class: ClassName=[003] Connectors Member=U1
Added Member To Class: ClassName=[000] Block Diagram Member=Component C1 Cap Semi
Added Member To Class: ClassName=[000] Block Diagram Member=Component C3 Cap Semi
Added Member To Class: ClassName=[000] Block Diagram Member=Component C4 Cap Semi
Added Member To Class: ClassName=[000] Block Diagram Member=Component C5 Cap Semi
Added Member To Class: ClassName=[000] Block Diagram Member=Component C6 Cap Semi
Added Member To Class: ClassName=[004] Charger Member=Component C7 Cap Semi
Added Member To Class: ClassName=[004] Charger Member=Component C9 Cap Semi
Added Member To Class: ClassName=[004] Charger Member=Component C11 Cap Semi
Added Member To Class: ClassName=[001] USB Member=Component C12 Cap Semi
Added Member To Class: ClassName=[002] Battery Member=Component C14 Cap Semi
Added Member To Class: ClassName=[002] Battery Member=Component C15 Cap Semi
Added Member To Class: ClassName=[002] Battery Member=Component C16 Cap Semi
Added Member To Class: ClassName=[004] Charger Member=Component C18 Cap Semi
Added Member To Class: ClassName=[004] Charger Member=Component IC2 TPS63051RMWR
Added Member To Class: ClassName=[001] USB Member=Component IC3 TPD4S012DRYR
Added Member To Class: ClassName=[000] Block Diagram Member=Component IC5 AZ1117IH-3.3TRG1
Added Member To Class: ClassName=[004] Charger Member=Component L2 10mOhm
Added Member To Class: ClassName=[004] Charger Member=Component Q1 SI7938DP-T1-GE3
Added Member To Class: ClassName=[001] USB Member=Component R1 Res3
Added Member To Class: ClassName=[001] USB Member=Component R2 Res3
Added Member To Class: ClassName=[001] USB Member=Component R3 Res3
Added Member To Class: ClassName=[001] USB Member=Component R6 Res3
Added Member To Class: ClassName=[001] USB Member=Component R7 Res3
Added Member To Class: ClassName=[001] USB Member=Component R8 Res3
Added Member To Class: ClassName=[001] USB Member=Component R10 Res3
Added Member To Class: ClassName=[000] Block Diagram Member=Component R12 Res3
Added Member To Class: ClassName=[000] Block Diagram Member=Component R13 Res3
Added Member To Class: ClassName=[001] USB Member=Component R15 Res3
Added Member To Class: ClassName=[004] Charger Member=Component R17 Res3
Added Member To Class: ClassName=[002] Battery Member=Component R18 Res3
Added Member To Class: ClassName=[002] Battery Member=Component R19 Res3
Added Member To Class: ClassName=[000] Block Diagram Member=Component R20 Res3
Added Member To Class: ClassName=[000] Block Diagram Member=Component R21 Res3
Added Member To Class: ClassName=[003] Connectors Member=Component R23 Res3
Added Member To Class: ClassName=[003] Connectors Member=Component R24 Res3
Added Member To Class: ClassName=[004] Charger Member=Component R25 Res3
Added Member To Class: ClassName=[003] Connectors Member=Component R28 Res3
Added Member To Class: ClassName=[003] Connectors Member=Component R29 Res3
Added Member To Class: ClassName=[003] Connectors Member=Component R31 Res3
Added Member To Class: ClassName=[003] Connectors Member=Component R33 Res3
Added Member To Class: ClassName=[004] Charger Member=Component R34 Res3
Added Member To Class: ClassName=[004] Charger Member=Component R35 Res3
Added Member To Class: ClassName=[004] Charger Member=Component R37 Res3
Added Member To Class: ClassName=[004] Charger Member=Component R38 Res3
Added Member To Class: ClassName=[003] Connectors Member=Component R40 Res3
Added Member To Class: ClassName=[003] Connectors Member=Component R42 Res3
Added Member To Class: ClassName=[003] Connectors Member=Component U2 TCA9554PWR
