Removed Pin From Net: NetName=NetC12_1 Pin=C12-1
Removed Pin From Net: NetName=BAT_SNS Pin=C12-2
Removed Pin From Net: NetName=BAT_GND Pin=C13-1
Removed Pin From Net: NetName=USB_DEV_P Pin=C15-1
Removed Pin From Net: NetName=GND Pin=C15-2
Removed Pin From Net: NetName=USB_DEV_N Pin=C16-1
Removed Pin From Net: NetName=GND Pin=C16-2
Removed Pin From Net: NetName=USB_CON_P Pin=IC3-1
Removed Pin From Net: NetName=USB_CON_N Pin=IC3-2
Removed Pin From Net: NetName=USB_PU Pin=P1-9
Removed Pin From Net: NetName=GOOD_BAT Pin=P1-11
Removed Pin From Net: NetName=CHG_IRQ Pin=P1-12
Removed Pin From Net: NetName=CHG_AL Pin=P1-13
Removed Pin From Net: NetName=BAT_ALRT Pin=P1-14
Removed Pin From Net: NetName=SW_OPEN Pin=P1-15
Removed Pin From Net: NetName=BAT_SCL Pin=P1-16
Removed Pin From Net: NetName=CHG_DET Pin=P1-17
Removed Pin From Net: NetName=BAT_SDA Pin=P1-18
Removed Pin From Net: NetName=BAT_SDA Pin=R12-1
Removed Pin From Net: NetName=CHG_SDA Pin=R12-2
Removed Pin From Net: NetName=BAT_SCL Pin=R13-1
Removed Pin From Net: NetName=CHG_SCL Pin=R13-2
Removed Pin From Net: NetName=CHG_DET Pin=R14-1
Removed Pin From Net: NetName=3V3 Pin=R14-2
Removed Pin From Net: NetName=USB_CON_N Pin=R15-1
Removed Pin From Net: NetName=NetIC1_8 Pin=R15-2
Removed Pin From Net: NetName=USB_CON_P Pin=R16-1
Removed Pin From Net: NetName=NetIC1_7 Pin=R16-2
Removed Pin From Net: NetName=VBUS Pin=R18-1
Removed Pin From Net: NetName=3V3 Pin=R19-2
Removed Pin From Net: NetName=USB_PU Pin=R20-2
Removed Pin From Net: NetName=GND Pin=R21-2
Removed Pin From Net: NetName=USB_DEV_P Pin=R22-1
Removed Pin From Net: NetName=BAT_SNS Pin=R23-1
Removed Pin From Net: NetName=NetC12_1 Pin=R24-2
Removed Pin From Net: NetName=BAT_GND Pin=R28-1
Removed Pin From Net: NetName=GND Pin=R28-2
Removed Pin From Net: NetName=VBAT Pin=R29-1
Removed Pin From Net: NetName=VSYS Pin=R29-2
Removed Pin From Net: NetName=VBUS Pin=R31-1
Removed Pin From Net: NetName=NetIC5_3 Pin=R31-2
Removed Pin From Net: NetName=VSYS Pin=R33-1
Removed Pin From Net: NetName=NetIC5_3 Pin=R33-2
Removed Pin From Net: NetName=GOOD_BAT Pin=R40-1
Removed Pin From Net: NetName=3V3 Pin=R40-2
Removed Pin From Net: NetName=GND Pin=R41-1
Removed Pin From Net: NetName=USB_DEV_N Pin=R41-2
Removed Pin From Net: NetName=CHG_AL Pin=R?-1
Removed Pin From Net: NetName=3V3 Pin=R?-2
Removed Pin From Net: NetName=NetP1_10 Pin=RTC-2
Change Component Designator: OldDesignator=EXT NewDesignator=EXT1
Change Component Designator: OldDesignator=R27 NewDesignator=R19
Change Component Designator: OldDesignator=RTC NewDesignator=RTC1
Added Component: Designator=R1(J1-0603)
Add component. Clean all parameters for all variants
Add component (AddParameter): Name = "LatestRevisionDate"; Value = "29-May-2009"; VariantName = "[No Variations]"
Add component (AddParameter): Name = "LatestRevisionNote"; Value = "IPC-7351 Footprint Added."; VariantName = "[No Variations]"
Add component (AddParameter): Name = "PackageDescription"; Value = "Chip Resistor"; VariantName = "[No Variations]"
Add component (AddParameter): Name = "PackageReference"; Value = "J1-0603"; VariantName = "[No Variations]"
Add component (AddParameter): Name = "Published"; Value = "8-Jun-2000"; VariantName = "[No Variations]"
Add component (AddParameter): Name = "Publisher"; Value = "Altium Limited"; VariantName = "[No Variations]"
Add component (AddParameter): Name = "Value"; Value = "10k"; VariantName = "[No Variations]"
Added Component: Designator=R2(J1-0603)
Add component. Clean all parameters for all variants
Add component (AddParameter): Name = "LatestRevisionDate"; Value = "29-May-2009"; VariantName = "[No Variations]"
Add component (AddParameter): Name = "LatestRevisionNote"; Value = "IPC-7351 Footprint Added."; VariantName = "[No Variations]"
Add component (AddParameter): Name = "PackageDescription"; Value = "Chip Resistor"; VariantName = "[No Variations]"
Add component (AddParameter): Name = "PackageReference"; Value = "J1-0603"; VariantName = "[No Variations]"
Add component (AddParameter): Name = "Published"; Value = "8-Jun-2000"; VariantName = "[No Variations]"
Add component (AddParameter): Name = "Publisher"; Value = "Altium Limited"; VariantName = "[No Variations]"
Add component (AddParameter): Name = "Value"; Value = "47k"; VariantName = "[No Variations]"
Added Component: Designator=R3(J1-0603)
Add component. Clean all parameters for all variants
Add component (AddParameter): Name = "LatestRevisionDate"; Value = "29-May-2009"; VariantName = "[No Variations]"
Add component (AddParameter): Name = "LatestRevisionNote"; Value = "IPC-7351 Footprint Added."; VariantName = "[No Variations]"
Add component (AddParameter): Name = "PackageDescription"; Value = "Chip Resistor"; VariantName = "[No Variations]"
Add component (AddParameter): Name = "PackageReference"; Value = "J1-0603"; VariantName = "[No Variations]"
Add component (AddParameter): Name = "Published"; Value = "8-Jun-2000"; VariantName = "[No Variations]"
Add component (AddParameter): Name = "Publisher"; Value = "Altium Limited"; VariantName = "[No Variations]"
Add component (AddParameter): Name = "Value"; Value = "1k"; VariantName = "[No Variations]"
Added Component: Designator=R4(J1-0603)
Add component. Clean all parameters for all variants
Add component (AddParameter): Name = "LatestRevisionDate"; Value = "29-May-2009"; VariantName = "[No Variations]"
Add component (AddParameter): Name = "LatestRevisionNote"; Value = "IPC-7351 Footprint Added."; VariantName = "[No Variations]"
Add component (AddParameter): Name = "PackageDescription"; Value = "Chip Resistor"; VariantName = "[No Variations]"
Add component (AddParameter): Name = "PackageReference"; Value = "J1-0603"; VariantName = "[No Variations]"
Add component (AddParameter): Name = "Published"; Value = "8-Jun-2000"; VariantName = "[No Variations]"
Add component (AddParameter): Name = "Publisher"; Value = "Altium Limited"; VariantName = "[No Variations]"
Add component (AddParameter): Name = "Value"; Value = "36k"; VariantName = "[No Variations]"
Added Component: Designator=R5(J1-0603)
Add component. Clean all parameters for all variants
Add component (AddParameter): Name = "LatestRevisionDate"; Value = "29-May-2009"; VariantName = "[No Variations]"
Add component (AddParameter): Name = "LatestRevisionNote"; Value = "IPC-7351 Footprint Added."; VariantName = "[No Variations]"
Add component (AddParameter): Name = "PackageDescription"; Value = "Chip Resistor"; VariantName = "[No Variations]"
Add component (AddParameter): Name = "PackageReference"; Value = "J1-0603"; VariantName = "[No Variations]"
Add component (AddParameter): Name = "Published"; Value = "8-Jun-2000"; VariantName = "[No Variations]"
Add component (AddParameter): Name = "Publisher"; Value = "Altium Limited"; VariantName = "[No Variations]"
Add component (AddParameter): Name = "Value"; Value = "10k"; VariantName = "[No Variations]"
Added Component: Designator=R6(J1-0603)
Add component. Clean all parameters for all variants
Add component (AddParameter): Name = "LatestRevisionDate"; Value = "29-May-2009"; VariantName = "[No Variations]"
Add component (AddParameter): Name = "LatestRevisionNote"; Value = "IPC-7351 Footprint Added."; VariantName = "[No Variations]"
Add component (AddParameter): Name = "PackageDescription"; Value = "Chip Resistor"; VariantName = "[No Variations]"
Add component (AddParameter): Name = "PackageReference"; Value = "J1-0603"; VariantName = "[No Variations]"
Add component (AddParameter): Name = "Published"; Value = "8-Jun-2000"; VariantName = "[No Variations]"
Add component (AddParameter): Name = "Publisher"; Value = "Altium Limited"; VariantName = "[No Variations]"
Add component (AddParameter): Name = "Value"; Value = "10k"; VariantName = "[No Variations]"
Added Component: Designator=R7(J1-0603)
Add component. Clean all parameters for all variants
Add component (AddParameter): Name = "LatestRevisionDate"; Value = "29-May-2009"; VariantName = "[No Variations]"
Add component (AddParameter): Name = "LatestRevisionNote"; Value = "IPC-7351 Footprint Added."; VariantName = "[No Variations]"
Add component (AddParameter): Name = "PackageDescription"; Value = "Chip Resistor"; VariantName = "[No Variations]"
Add component (AddParameter): Name = "PackageReference"; Value = "J1-0603"; VariantName = "[No Variations]"
Add component (AddParameter): Name = "Published"; Value = "8-Jun-2000"; VariantName = "[No Variations]"
Add component (AddParameter): Name = "Publisher"; Value = "Altium Limited"; VariantName = "[No Variations]"
Add component (AddParameter): Name = "Value"; Value = "10k"; VariantName = "[No Variations]"
Added Component: Designator=R8(J1-0603)
Add component. Clean all parameters for all variants
Add component (AddParameter): Name = "LatestRevisionDate"; Value = "29-May-2009"; VariantName = "[No Variations]"
Add component (AddParameter): Name = "LatestRevisionNote"; Value = "IPC-7351 Footprint Added."; VariantName = "[No Variations]"
Add component (AddParameter): Name = "PackageDescription"; Value = "Chip Resistor"; VariantName = "[No Variations]"
Add component (AddParameter): Name = "PackageReference"; Value = "J1-0603"; VariantName = "[No Variations]"
Add component (AddParameter): Name = "Published"; Value = "8-Jun-2000"; VariantName = "[No Variations]"
Add component (AddParameter): Name = "Publisher"; Value = "Altium Limited"; VariantName = "[No Variations]"
Add component (AddParameter): Name = "Value"; Value = "100k"; VariantName = "[No Variations]"
Added Component: Designator=R9(J1-0603)
Add component. Clean all parameters for all variants
Add component (AddParameter): Name = "LatestRevisionDate"; Value = "29-May-2009"; VariantName = "[No Variations]"
Add component (AddParameter): Name = "LatestRevisionNote"; Value = "IPC-7351 Footprint Added."; VariantName = "[No Variations]"
Add component (AddParameter): Name = "PackageDescription"; Value = "Chip Resistor"; VariantName = "[No Variations]"
Add component (AddParameter): Name = "PackageReference"; Value = "J1-0603"; VariantName = "[No Variations]"
Add component (AddParameter): Name = "Published"; Value = "8-Jun-2000"; VariantName = "[No Variations]"
Add component (AddParameter): Name = "Publisher"; Value = "Altium Limited"; VariantName = "[No Variations]"
Add component (AddParameter): Name = "Value"; Value = "1k5"; VariantName = "[No Variations]"
Added Component: Designator=R10(J1-0603)
Add component. Clean all parameters for all variants
Add component (AddParameter): Name = "LatestRevisionDate"; Value = "29-May-2009"; VariantName = "[No Variations]"
Add component (AddParameter): Name = "LatestRevisionNote"; Value = "IPC-7351 Footprint Added."; VariantName = "[No Variations]"
Add component (AddParameter): Name = "PackageDescription"; Value = "Chip Resistor"; VariantName = "[No Variations]"
Add component (AddParameter): Name = "PackageReference"; Value = "J1-0603"; VariantName = "[No Variations]"
Add component (AddParameter): Name = "Published"; Value = "8-Jun-2000"; VariantName = "[No Variations]"
Add component (AddParameter): Name = "Publisher"; Value = "Altium Limited"; VariantName = "[No Variations]"
Add component (AddParameter): Name = "Value"; Value = "2R2"; VariantName = "[No Variations]"
Added Pin To Net: NetName=USB_DEV_P Pin=C12-1
Added Pin To Net: NetName=GND Pin=C12-2
Added Pin To Net: NetName=USB_DEV_N Pin=C13-1
Added Pin To Net: NetName=GND Pin=C13-2
Added Pin To Net: NetName=BAT_SNS Pin=C14-2
Added Pin To Net: NetName=BAT_GND Pin=C15-1
Added Pin To Net: NetName=NetC12_1 Pin=C16-1
Added Pin To Net: NetName=USB_CON_N Pin=IC3-1
Added Pin To Net: NetName=USB_CON_P Pin=IC3-2
Added Pin To Net: NetName=VBUS Pin=R1-1
Added Pin To Net: NetName=3V3 Pin=R2-2
Added Pin To Net: NetName=USB_PU Pin=R3-2
Added Pin To Net: NetName=GND Pin=R4-2
Added Pin To Net: NetName=GOOD_BAT Pin=R5-1
Added Pin To Net: NetName=3V3 Pin=R5-2
Added Pin To Net: NetName=SW_OPEN Pin=R6-1
Added Pin To Net: NetName=3V3 Pin=R6-2
Added Pin To Net: NetName=CHG_AL Pin=R7-1
Added Pin To Net: NetName=3V3 Pin=R7-2
Added Pin To Net: NetName=CHG_DET Pin=R8-1
Added Pin To Net: NetName=3V3 Pin=R8-2
Added Pin To Net: NetName=USB_DEV_P Pin=R9-1
Added Pin To Net: NetName=USB_CON_N Pin=R10-1
Added Pin To Net: NetName=NetIC1_8 Pin=R10-2
Added Pin To Net: NetName=USB_CON_P Pin=R14-1
Added Pin To Net: NetName=NetIC1_7 Pin=R14-2
Added Pin To Net: NetName=GND Pin=R15-1
Added Pin To Net: NetName=USB_DEV_N Pin=R15-2
Added Pin To Net: NetName=BAT_SNS Pin=R16-1
Added Pin To Net: NetName=NetC12_1 Pin=R18-2
Added Pin To Net: NetName=BAT_GND Pin=R20-1
Added Pin To Net: NetName=GND Pin=R20-2
Added Pin To Net: NetName=VBAT Pin=R21-1
Added Pin To Net: NetName=VSYS Pin=R21-2
Added Pin To Net: NetName=VBUS Pin=R22-1
Added Pin To Net: NetName=NetIC5_3 Pin=R22-2
Added Pin To Net: NetName=VSYS Pin=R23-1
Added Pin To Net: NetName=NetIC5_3 Pin=R23-2
Change Net Name : Old Net Name=NetC12_1 New Net Name=NetC14_1
Added Pin To Net: NetName=NetC15_2 Pin=C15-2
Added Pin To Net: NetName=NetC15_2 Pin=R16-2
Added Pin To Net: NetName=NetC15_2 Pin=U1-3
Added Net: Name=NetC15_2
Added Pin To Net: NetName=NetC16_2 Pin=C16-2
Added Pin To Net: NetName=NetC16_2 Pin=IC4-11
Added Net: Name=NetC16_2
Added Pin To Net: NetName=NetP1_9 Pin=P1-9
Added Net: Name=NetP1_9
Added Pin To Net: NetName=NetP1_11 Pin=P1-11
Added Net: Name=NetP1_11
Added Pin To Net: NetName=NetP1_12 Pin=P1-12
Added Net: Name=NetP1_12
Added Pin To Net: NetName=NetP1_13 Pin=P1-13
Added Net: Name=NetP1_13
Added Pin To Net: NetName=NetP1_14 Pin=P1-14
Added Net: Name=NetP1_14
Added Pin To Net: NetName=NetP1_15 Pin=P1-15
Added Net: Name=NetP1_15
Added Pin To Net: NetName=NetP1_17 Pin=P1-17
Added Net: Name=NetP1_17
Added Pin To Net: NetName=NetR1_2 Pin=R1-2
Added Pin To Net: NetName=NetR1_2 Pin=R4-1
Added Pin To Net: NetName=NetR1_2 Pin=T1-5
Added Pin To Net: NetName=NetR1_2 Pin=T1-6
Added Net: Name=NetR1_2
Added Pin To Net: NetName=NetR2_1 Pin=R2-1
Added Pin To Net: NetName=NetR2_1 Pin=R3-1
Added Pin To Net: NetName=NetR2_1 Pin=T1-2
Added Net: Name=NetR2_1
Added Pin To Net: NetName=NetR9_2 Pin=R9-2
Added Pin To Net: NetName=NetR9_2 Pin=T1-4
Added Net: Name=NetR9_2
Added Pin To Net: NetName=NetR12_2 Pin=R12-2
Added Net: Name=NetR12_2
Added Pin To Net: NetName=NetR13_2 Pin=R13-2
Added Net: Name=NetR13_2
Added Pin To Net: NetName=NetR18_1 Pin=R18-1
Added Pin To Net: NetName=NetR18_1 Pin=U1-5
Added Net: Name=NetR18_1
Added Pin To Net: NetName=PWR_SCL Pin=P1-16
Added Pin To Net: NetName=PWR_SCL Pin=R13-1
Added Net: Name=PWR_SCL
Added Pin To Net: NetName=PWR_SDA Pin=P1-18
Added Pin To Net: NetName=PWR_SDA Pin=R12-1
Added Net: Name=PWR_SDA
Added Pin To Net: NetName=VRTC Pin=RTC1-2
Added Net: Name=VRTC
Added Member To Class: ClassName=[003] Connectors Member=Component EXT1 Header 2
Added Member To Class: ClassName=[001] USB Member=Component R1 Res3
Added Member To Class: ClassName=[001] USB Member=Component R2 Res3
Added Member To Class: ClassName=[001] USB Member=Component R3 Res3
Added Member To Class: ClassName=[001] USB Member=Component R4 Res3
Added Member To Class: ClassName=[001] USB Member=Component R5 Res3
Added Member To Class: ClassName=[001] USB Member=Component R6 Res3
Added Member To Class: ClassName=[001] USB Member=Component R7 Res3
Added Member To Class: ClassName=[001] USB Member=Component R8 Res3
Added Member To Class: ClassName=[001] USB Member=Component R9 Res3
Added Member To Class: ClassName=[001] USB Member=Component R10 Res3
Added Member To Class: ClassName=[002] Battery Member=Component R19 Res3
Added Member To Class: ClassName=[003] Connectors Member=Component RTC1 Header 2
