Removed Pin From Net: NetName=VIN Pin=Q3-1
Removed Pin From Net: NetName=WALLGT Pin=Q3-2
Removed Pin From Net: NetName=VDC Pin=Q3-3
Removed Pin From Net: NetName=NetQ3_4 Pin=Q3-4
Removed Member From Class: ClassName=[00] Block Diagram Member=R26
Added Pin To Net: NetName=VDC Pin=Q3-1
Added Pin To Net: NetName=NetQ3_4 Pin=Q3-2
Added Pin To Net: NetName=VIN Pin=Q3-3
Added Pin To Net: NetName=WALLGT Pin=Q3-4
Change Net Name : Old Net Name=NetQ3_4 New Net Name=NetQ3_2
Added Member To Class: ClassName=U_[01] Power Member=Component C1 Cap Semi
Added Member To Class: ClassName=U_[01] Power Member=Component C2 Cap Semi
Added Member To Class: ClassName=U_[01] Power Member=Component C3 Cap Semi
Added Member To Class: ClassName=U_[01] Power Member=Component C4 Cap Semi
Added Member To Class: ClassName=U_[01] Power Member=Component C5 Cap Semi
Added Member To Class: ClassName=U_[01] Power Member=Component C6 Cap Semi
Added Member To Class: ClassName=U_[01] Power Member=Component C7 Cap Semi
Added Member To Class: ClassName=U_[01] Power Member=Component C8 Cap Semi
Added Member To Class: ClassName=U_[01] Power Member=Component C9 Cap Semi
Added Member To Class: ClassName=U_[01] Power Member=Component C10 Cap Semi
Added Member To Class: ClassName=U_[01] Power Member=Component C11 Cap Semi
Added Member To Class: ClassName=U_[01] Power Member=Component C12 Cap Semi
Added Member To Class: ClassName=U_[01] Power Member=Component C13 Cap Semi
Added Member To Class: ClassName=U_[01] Power Member=Component R29 Res3
Added Member To Class: ClassName=U_[01] Power Member=Component R30 Res3
Added Member To Class: ClassName=U_[01] Power Member=Component R31 Res3
Added Member To Class: ClassName=U_[01] Power Member=Component R32 Res3
Added Member To Class: ClassName=U_[01] Power Member=Component R33 Res3
Added Member To Class: ClassName=U_[01] Power Member=Component R34 Res3
Added Member To Class: ClassName=U_[01] Power Member=Component R35 Res3
Added Member To Class: ClassName=U_[01] Power Member=Component R36 Res3
Added Member To Class: ClassName=U_[01] Power Member=Component R37 Res3
Added Member To Class: ClassName=U_[01] Power Member=Component R38 Res3
Added Member To Class: ClassName=[00] Block Diagram Member=Component R39 Res3
Added Member To Class: ClassName=U_[01] Power Member=Component R40 Res3
Added Member To Class: ClassName=U_[01] Power Member=Component T1 BC847BS
Added Member To Class: ClassName=U_[01] Power Member=Component T3 BC847BS
