Removed Pin From Net: NetName=VIN Pin=Q1-1
Removed Pin From Net: NetName=USBGT Pin=Q1-2
Removed Pin From Net: NetName=VBUS Pin=Q1-3
Removed Pin From Net: NetName=VIN Pin=Q3-1
Removed Pin From Net: NetName=WALLGT Pin=Q3-2
Removed Pin From Net: NetName=VDC Pin=Q3-3
Removed Pin From Net: NetName=NetQ3_5 Pin=Q3-5
Removed Pin From Net: NetName=NetQ3_5 Pin=Q3-6
Removed Pin From Net: NetName=NetQ3_5 Pin=Q3-9
Added Component: Designator=Q3(POWERPAK-SO8_1)
Add component. Clean all parameters for all variants
Add component (AddParameter): Name = "Datasheet Link"; Value = "https://www.vishay.com/docs/65365/si7938dp.pdf"; VariantName = "[No Variations]"
Add component (AddParameter): Name = "Manufacturer_Name"; Value = "Vishay"; VariantName = "[No Variations]"
Add component (AddParameter): Name = "Manufacturer_Part_Number"; Value = "SI7938DP-T1-GE3"; VariantName = "[No Variations]"
Add component (AddParameter): Name = "Mouser2 Part Number"; Value = ""; VariantName = "[No Variations]"
Add component (AddParameter): Name = "Mouser2 Price/Stock"; Value = ""; VariantName = "[No Variations]"
Added Pin To Net: NetName=VBUS Pin=Q1-1
Added Pin To Net: NetName=VIN Pin=Q1-3
Added Pin To Net: NetName=USBGT Pin=Q1-4
Added Pin To Net: NetName=VDC Pin=Q3-1
Added Pin To Net: NetName=VIN Pin=Q3-1
Added Pin To Net: NetName=WALLGT Pin=Q3-2
Added Pin To Net: NetName=NetQ3_5 Pin=Q3-7
Added Pin To Net: NetName=NetQ3_5 Pin=Q3-8
Added Pin To Net: NetName=NetQ3_5 Pin=Q3-10
Change Net Name : Old Net Name=NetQ3_5 New Net Name=NetQ3_7
Added Pin To Net: NetName=NetQ1_2 Pin=Q1-2
Added Pin To Net: NetName=NetQ1_2 Pin=R30-2
Added Pin To Net: NetName=NetQ1_2 Pin=T2-3
Added Net: Name=NetQ1_2
Added Pin To Net: NetName=NetQ3_2 Pin=Q3-2
Added Pin To Net: NetName=NetQ3_2 Pin=R35-2
Added Pin To Net: NetName=NetQ3_2 Pin=T3-6
Added Net: Name=NetQ3_2
Added Member To Class: ClassName=[004] Charger Member=Component Q3 SI7938DP-T1-GE3
