Added Pin To Net: NetName=GND Pin=C18-1
Added Pin To Net: NetName=NetC18_2 Pin=C18-2
Added Pin To Net: NetName=GND Pin=C19-1
Added Pin To Net: NetName=NetC19_2 Pin=C19-2
Added Pin To Net: NetName=CHG_SDA Pin=IC6-1
Added Pin To Net: NetName=3V3 Pin=IC6-2
Added Pin To Net: NetName=CHG_IRQ Pin=IC6-3
Added Pin To Net: NetName=NetIC6_5 Pin=IC6-5
Added Pin To Net: NetName=NetIC6_5 Pin=IC6-6
Added Pin To Net: NetName=NetIC6_7 Pin=IC6-7
Added Pin To Net: NetName=NetIC6_8 Pin=IC6-8
Added Pin To Net: NetName=USBGT Pin=IC6-9
Added Pin To Net: NetName=NetC19_2 Pin=IC6-10
Added Pin To Net: NetName=WALLGT Pin=IC6-11
Added Pin To Net: NetName=NetC18_2 Pin=IC6-12
Added Pin To Net: NetName=VSYS Pin=IC6-13
Added Pin To Net: NetName=NetIC6_14 Pin=IC6-14
Added Pin To Net: NetName=BAT_NTC Pin=IC6-15
Added Pin To Net: NetName=VBAT Pin=IC6-16
Added Pin To Net: NetName=NetIC6_17 Pin=IC6-17
Added Pin To Net: NetName=NetIC6_18 Pin=IC6-18
Added Pin To Net: NetName=NetIC6_19 Pin=IC6-19
Added Pin To Net: NetName=NetIC6_19 Pin=IC6-20
Added Pin To Net: NetName=VSYS Pin=IC6-21
Added Pin To Net: NetName=VSYS Pin=IC6-22
Added Pin To Net: NetName=VIN Pin=IC6-23
Added Pin To Net: NetName=VIN Pin=IC6-24
Added Pin To Net: NetName=VIN Pin=IC6-25
Added Pin To Net: NetName=NetIC6_26 Pin=IC6-26
Added Pin To Net: NetName=NetIC6_26 Pin=IC6-27
Added Pin To Net: NetName=CHG_SCL Pin=IC6-28
Added Pin To Net: NetName=GND Pin=IC6-29
Added Pin To Net: NetName=NetIC6_26 Pin=L2-1
Added Pin To Net: NetName=VSYS Pin=L2-2
Added Pin To Net: NetName=NetIC6_14 Pin=R34-1
Added Pin To Net: NetName=BAT_NTC Pin=R34-2
Added Pin To Net: NetName=GND Pin=R37-1
Added Pin To Net: NetName=NetIC6_5 Pin=R37-2
Added Pin To Net: NetName=GND Pin=R38-1
Added Pin To Net: NetName=NetIC6_18 Pin=R38-2
