Removed Pin From Net: NetName=GND Pin=BAT1-1
Removed Pin From Net: NetName=BAT_NTC Pin=BAT1-2
Removed Pin From Net: NetName=VBAT Pin=BAT1-5
Removed Pin From Net: NetName=USB_DEV_P Pin=C15-1
Removed Pin From Net: NetName=GND Pin=C15-2
Removed Pin From Net: NetName=USB_DEV_N Pin=C16-1
Removed Pin From Net: NetName=GND Pin=C16-2
Removed Pin From Net: NetName=GND Pin=EXT-1
Removed Pin From Net: NetName=VDC Pin=EXT-2
Removed Pin From Net: NetName=USB_DEV_N Pin=IC1-2
Removed Pin From Net: NetName=USB_DEV_P Pin=IC1-3
Removed Pin From Net: NetName=GND Pin=IC1-6
Removed Pin From Net: NetName=VBUS Pin=IC1-9
Removed Pin From Net: NetName=GND Pin=IC3-4
Removed Pin From Net: NetName=VBUS Pin=IC3-6
Removed Pin From Net: NetName=GND Pin=IC4-7
Removed Pin From Net: NetName=GND Pin=IC5-1
Removed Pin From Net: NetName=3V3 Pin=IC5-2
Removed Pin From Net: NetName=3V3 Pin=IC5-4
Removed Pin From Net: NetName=GND Pin=J1-0
Removed Pin From Net: NetName=GND Pin=J1-0
Removed Pin From Net: NetName=GND Pin=J1-0
Removed Pin From Net: NetName=GND Pin=J1-0
Removed Pin From Net: NetName=GND Pin=J1-0
Removed Pin From Net: NetName=GND Pin=J1-0
Removed Pin From Net: NetName=GND Pin=J1-0
Removed Pin From Net: NetName=GND Pin=J1-0
Removed Pin From Net: NetName=GND Pin=J1-0
Removed Pin From Net: NetName=VBUS Pin=J1-1
Removed Pin From Net: NetName=GND Pin=J1-5
Removed Pin From Net: NetName=VDC Pin=Q3-1
Removed Pin From Net: NetName=VIN Pin=Q3-3
Removed Pin From Net: NetName=WALLGT Pin=Q3-4
Removed Pin From Net: NetName=3V3 Pin=R14-2
Removed Pin From Net: NetName=VBUS Pin=R18-1
Removed Pin From Net: NetName=3V3 Pin=R19-2
Removed Pin From Net: NetName=GND Pin=R21-2
Removed Pin From Net: NetName=USB_DEV_P Pin=R22-1
Removed Pin From Net: NetName=GND Pin=R27-1
Removed Pin From Net: NetName=GND Pin=R28-2
Removed Pin From Net: NetName=VBAT Pin=R29-1
Removed Pin From Net: NetName=VSYS Pin=R29-2
Removed Pin From Net: NetName=VBUS Pin=R31-1
Removed Pin From Net: NetName=VSYS Pin=R33-1
Removed Pin From Net: NetName=3V3 Pin=R40-2
Removed Pin From Net: NetName=GND Pin=R41-1
Removed Pin From Net: NetName=USB_DEV_N Pin=R41-2
Removed Pin From Net: NetName=3V3 Pin=R?-2
Removed Pin From Net: NetName=GND Pin=RTC-1
Removed Pin From Net: NetName=NetP1_10 Pin=RTC-2
Removed Pin From Net: NetName=GND Pin=T1-1
Removed Pin From Net: NetName=3V3 Pin=T1-3
Removed Pin From Net: NetName=VDC Pin=T3-1
Removed Pin From Net: NetName=NetR36_1 Pin=T3-2
Removed Pin From Net: NetName=VDC Pin=T3-3
Removed Pin From Net: NetName=NetR36_1 Pin=T3-4
Removed Pin From Net: NetName=VDC Pin=T3-5
Removed Member From Class: ClassName=U_[01] Power Member=BAT1
Removed Member From Class: ClassName=U_[01] Power Member=C12
Removed Member From Class: ClassName=U_[01] Power Member=C13
Removed Member From Class: ClassName=U_[01] Power Member=C14
Removed Member From Class: ClassName=U_[01] Power Member=C15
Removed Member From Class: ClassName=U_[01] Power Member=C16
Removed Member From Class: ClassName=U_[01] Power Member=D1
Removed Member From Class: ClassName=U_[01] Power Member=EXT
Removed Member From Class: ClassName=U_[01] Power Member=IC1
Removed Member From Class: ClassName=U_[01] Power Member=IC3
Removed Member From Class: ClassName=U_[01] Power Member=IC4
Removed Member From Class: ClassName=U_[01] Power Member=IC5
Removed Member From Class: ClassName=U_[01] Power Member=J1
Removed Member From Class: ClassName=U_[01] Power Member=R14
Removed Member From Class: ClassName=U_[01] Power Member=R15
Removed Member From Class: ClassName=U_[01] Power Member=R16
Removed Member From Class: ClassName=U_[01] Power Member=R18
Removed Member From Class: ClassName=U_[01] Power Member=R19
Removed Member From Class: ClassName=U_[01] Power Member=R20
Removed Member From Class: ClassName=U_[01] Power Member=R21
Removed Member From Class: ClassName=U_[01] Power Member=R22
Removed Member From Class: ClassName=U_[01] Power Member=R23
Removed Member From Class: ClassName=U_[01] Power Member=R24
Removed Member From Class: ClassName=U_[01] Power Member=R27
Removed Member From Class: ClassName=U_[01] Power Member=R28
Removed Member From Class: ClassName=U_[01] Power Member=R29
Removed Member From Class: ClassName=U_[01] Power Member=R31
Removed Member From Class: ClassName=U_[01] Power Member=R33
Removed Member From Class: ClassName=U_[01] Power Member=R40
Removed Member From Class: ClassName=U_[01] Power Member=R41
Removed Member From Class: ClassName=U_[01] Power Member=R?
Removed Member From Class: ClassName=U_[01] Power Member=RTC
Removed Member From Class: ClassName=U_[01] Power Member=T1
Removed Member From Class: ClassName=U_[01] Power Member=U1
Added Pin To Net: NetName=VIN Pin=Q3-1
Added Pin To Net: NetName=WALLGT Pin=Q3-2
Added Pin To Net: NetName=VDC Pin=Q3-3
Added Pin To Net: NetName=NetR36_1 Pin=T3-1
Added Pin To Net: NetName=VDC Pin=T3-2
Added Pin To Net: NetName=VDC Pin=T3-4
Added Pin To Net: NetName=NetR36_1 Pin=T3-5
Added Pin To Net: NetName=VDC Pin=T3-6
Added Pin To Net: NetName=NetP1_9 Pin=P1-9
Added Net: Name=NetP1_9
Added Pin To Net: NetName=NetP1_11 Pin=P1-11
Added Net: Name=NetP1_11
Added Pin To Net: NetName=NetP1_13 Pin=P1-13
Added Net: Name=NetP1_13
Added Pin To Net: NetName=NetP1_14 Pin=P1-14
Added Net: Name=NetP1_14
Added Pin To Net: NetName=NetP1_15 Pin=P1-15
Added Net: Name=NetP1_15
Added Pin To Net: NetName=NetP1_17 Pin=P1-17
Added Net: Name=NetP1_17
Added Pin To Net: NetName=NetQ3_4 Pin=Q3-4
Added Pin To Net: NetName=NetQ3_4 Pin=R35-2
Added Pin To Net: NetName=NetQ3_4 Pin=T3-3
Added Net: Name=NetQ3_4
Added Pin To Net: NetName=PWR_SCL Pin=P1-16
Added Pin To Net: NetName=PWR_SCL Pin=R13-1
Added Net: Name=PWR_SCL
Added Pin To Net: NetName=PWR_SDA Pin=P1-18
Added Pin To Net: NetName=PWR_SDA Pin=R12-1
Added Net: Name=PWR_SDA
Added Room: Name=[00] Block Diagram
Added Room: Name=U_[01] Power
