Removed Pin From Net: NetName=GND Pin=C27-2
Removed Pin From Net: NetName=GND Pin=C28-2
Removed Pin From Net: NetName=VDC Pin=Q3-1
Removed Pin From Net: NetName=VIN Pin=Q3-3
Removed Pin From Net: NetName=WALLGT Pin=Q3-4
Removed Pin From Net: NetName=3V3 Pin=R56-1
Removed Pin From Net: NetName=VBUS Pin=R57-1
Removed Pin From Net: NetName=3V3 Pin=R59-2
Removed Pin From Net: NetName=GND Pin=R61-2
Removed Pin From Net: NetName=USB_DEV_P Pin=R65-1
Removed Pin From Net: NetName=USB_DEV_N Pin=R66-1
Removed Pin From Net: NetName=GND Pin=T3-1
Removed Pin From Net: NetName=3V3 Pin=T3-3
Removed Member From Class: ClassName=[00] Block Diagram Member=R12
Removed Member From Class: ClassName=[00] Block Diagram Member=R13
Removed Member From Class: ClassName=[00] Block Diagram Member=R14
Removed Member From Class: ClassName=[00] Block Diagram Member=R15
Removed Member From Class: ClassName=[00] Block Diagram Member=R16
Removed Member From Class: ClassName=[00] Block Diagram Member=R17
Removed Member From Class: ClassName=[00] Block Diagram Member=R18
Removed Member From Class: ClassName=[00] Block Diagram Member=R19
Removed Member From Class: ClassName=[00] Block Diagram Member=R20
Removed Member From Class: ClassName=[00] Block Diagram Member=R21
Removed Member From Class: ClassName=[00] Block Diagram Member=R22
Removed Member From Class: ClassName=[00] Block Diagram Member=R23
Removed Member From Class: ClassName=[00] Block Diagram Member=R24
Removed Member From Class: ClassName=[00] Block Diagram Member=R25
Removed Member From Class: ClassName=[00] Block Diagram Member=R26
Removed Member From Class: ClassName=[00] Block Diagram Member=R27
Removed Member From Class: ClassName=[00] Block Diagram Member=R28
Removed Member From Class: ClassName=U_[01] Power Member=R42
Change Component Designator: OldDesignator=BAT NewDesignator=BAT1
Change Component Designator: OldDesignator=C1 NewDesignator=C4
Change Component Designator: OldDesignator=C2 NewDesignator=C1
Change Component Designator: OldDesignator=C2 NewDesignator=C5
Change Component Designator: OldDesignator=C3 NewDesignator=C2
Change Component Designator: OldDesignator=C3 NewDesignator=C6
Change Component Designator: OldDesignator=C4 NewDesignator=C3
Change Component Designator: OldDesignator=C4 NewDesignator=C7
Change Component Designator: OldDesignator=C5 NewDesignator=C8
Change Component Designator: OldDesignator=C6 NewDesignator=C9
Change Component Designator: OldDesignator=C7 NewDesignator=C10
Change Component Designator: OldDesignator=C8 NewDesignator=C11
Change Component Designator: OldDesignator=C9 NewDesignator=C12
Change Component Designator: OldDesignator=C10 NewDesignator=C13
Change Component Designator: OldDesignator=C11 NewDesignator=C14
Change Component Designator: OldDesignator=C12 NewDesignator=C17
Change Component Designator: OldDesignator=C13 NewDesignator=C18
Change Component Designator: OldDesignator=C14 NewDesignator=C19
Change Component Designator: OldDesignator=R29 NewDesignator=R40
Change Component Designator: OldDesignator=R30 NewDesignator=R12
Change Component Designator: OldDesignator=R31 NewDesignator=R13
Change Component Designator: OldDesignator=R32 NewDesignator=R14
Change Component Designator: OldDesignator=R33 NewDesignator=R15
Change Component Designator: OldDesignator=R34 NewDesignator=R16
Change Component Designator: OldDesignator=R35 NewDesignator=R17
Change Component Designator: OldDesignator=R36 NewDesignator=R23
Change Component Designator: OldDesignator=R37 NewDesignator=R24
Change Component Designator: OldDesignator=R38 NewDesignator=R25
Change Component Designator: OldDesignator=R39 NewDesignator=R26
Change Component Designator: OldDesignator=R40 NewDesignator=R27
Change Component Designator: OldDesignator=R41 NewDesignator=R28
Change Component Designator: OldDesignator=R42 NewDesignator=R29
Change Component Designator: OldDesignator=R43 NewDesignator=R30
Change Component Designator: OldDesignator=R44 NewDesignator=R31
Change Component Designator: OldDesignator=R45 NewDesignator=R32
Change Component Designator: OldDesignator=R46 NewDesignator=R33
Change Component Designator: OldDesignator=R47 NewDesignator=R34
Change Component Designator: OldDesignator=R48 NewDesignator=R35
Change Component Designator: OldDesignator=R49 NewDesignator=R36
Change Component Designator: OldDesignator=R50 NewDesignator=R37
Change Component Designator: OldDesignator=R51 NewDesignator=R38
Change Component Designator: OldDesignator=T1 NewDesignator=T2
Change Component Designator: OldDesignator=T2 NewDesignator=T3
Change component parameters: Designator = "R18"; Footprint = "J1-0603"; UniqueID = "\HZGNOEPA\YDXGGVGY"
Change component parameters. Clean all parameters for all variants
Change component parameters (AddParameter): Name = "LatestRevisionDate"; Value = "29-May-2009"; VariantName = "[No Variations]"
Change component parameters (AddParameter): Name = "LatestRevisionNote"; Value = "IPC-7351 Footprint Added."; VariantName = "[No Variations]"
Change component parameters (AddParameter): Name = "PackageDescription"; Value = "Chip Resistor"; VariantName = "[No Variations]"
Change component parameters (AddParameter): Name = "PackageReference"; Value = "J1-0603"; VariantName = "[No Variations]"
Change component parameters (AddParameter): Name = "Published"; Value = "8-Jun-2000"; VariantName = "[No Variations]"
Change component parameters (AddParameter): Name = "Publisher"; Value = "Altium Limited"; VariantName = "[No Variations]"
Change component parameters (AddParameter): Name = "Value"; Value = "10k"; VariantName = "[No Variations]"
Change component parameters: Designator = "R19"; Footprint = "J1-0603"; UniqueID = "\HZGNOEPA\FOEUQULL"
Change component parameters. Clean all parameters for all variants
Change component parameters (AddParameter): Name = "LatestRevisionDate"; Value = "29-May-2009"; VariantName = "[No Variations]"
Change component parameters (AddParameter): Name = "LatestRevisionNote"; Value = "IPC-7351 Footprint Added."; VariantName = "[No Variations]"
Change component parameters (AddParameter): Name = "PackageDescription"; Value = "Chip Resistor"; VariantName = "[No Variations]"
Change component parameters (AddParameter): Name = "PackageReference"; Value = "J1-0603"; VariantName = "[No Variations]"
Change component parameters (AddParameter): Name = "Published"; Value = "8-Jun-2000"; VariantName = "[No Variations]"
Change component parameters (AddParameter): Name = "Publisher"; Value = "Altium Limited"; VariantName = "[No Variations]"
Change component parameters (AddParameter): Name = "Value"; Value = "47k"; VariantName = "[No Variations]"
Change component parameters: Designator = "R20"; Footprint = "J1-0603"; UniqueID = "\HZGNOEPA\JOOZAMXA"
Change component parameters. Clean all parameters for all variants
Change component parameters (AddParameter): Name = "LatestRevisionDate"; Value = "29-May-2009"; VariantName = "[No Variations]"
Change component parameters (AddParameter): Name = "LatestRevisionNote"; Value = "IPC-7351 Footprint Added."; VariantName = "[No Variations]"
Change component parameters (AddParameter): Name = "PackageDescription"; Value = "Chip Resistor"; VariantName = "[No Variations]"
Change component parameters (AddParameter): Name = "PackageReference"; Value = "J1-0603"; VariantName = "[No Variations]"
Change component parameters (AddParameter): Name = "Published"; Value = "8-Jun-2000"; VariantName = "[No Variations]"
Change component parameters (AddParameter): Name = "Publisher"; Value = "Altium Limited"; VariantName = "[No Variations]"
Change component parameters (AddParameter): Name = "Value"; Value = "1k"; VariantName = "[No Variations]"
Change component parameters: Designator = "R21"; Footprint = "J1-0603"; UniqueID = "\HZGNOEPA\AYZJTIUX"
Change component parameters. Clean all parameters for all variants
Change component parameters (AddParameter): Name = "LatestRevisionDate"; Value = "29-May-2009"; VariantName = "[No Variations]"
Change component parameters (AddParameter): Name = "LatestRevisionNote"; Value = "IPC-7351 Footprint Added."; VariantName = "[No Variations]"
Change component parameters (AddParameter): Name = "PackageDescription"; Value = "Chip Resistor"; VariantName = "[No Variations]"
Change component parameters (AddParameter): Name = "PackageReference"; Value = "J1-0603"; VariantName = "[No Variations]"
Change component parameters (AddParameter): Name = "Published"; Value = "8-Jun-2000"; VariantName = "[No Variations]"
Change component parameters (AddParameter): Name = "Publisher"; Value = "Altium Limited"; VariantName = "[No Variations]"
Change component parameters (AddParameter): Name = "Value"; Value = "36k"; VariantName = "[No Variations]"
Change component parameters: Designator = "R22"; Footprint = "J1-0603"; UniqueID = "\HZGNOEPA\VZDKQSBZ"
Change component parameters. Clean all parameters for all variants
Change component parameters (AddParameter): Name = "LatestRevisionDate"; Value = "29-May-2009"; VariantName = "[No Variations]"
Change component parameters (AddParameter): Name = "LatestRevisionNote"; Value = "IPC-7351 Footprint Added."; VariantName = "[No Variations]"
Change component parameters (AddParameter): Name = "PackageDescription"; Value = "Chip Resistor"; VariantName = "[No Variations]"
Change component parameters (AddParameter): Name = "PackageReference"; Value = "J1-0603"; VariantName = "[No Variations]"
Change component parameters (AddParameter): Name = "Published"; Value = "8-Jun-2000"; VariantName = "[No Variations]"
Change component parameters (AddParameter): Name = "Publisher"; Value = "Altium Limited"; VariantName = "[No Variations]"
Change component parameters (AddParameter): Name = "Value"; Value = "1k5"; VariantName = "[No Variations]"
Added Component: Designator=C15(1608[0603])
Add component. Clean all parameters for all variants
Add component (AddParameter): Name = "LatestRevisionDate"; Value = "29-May-2009"; VariantName = "[No Variations]"
Add component (AddParameter): Name = "LatestRevisionNote"; Value = "IPC-7351 Footprint Added."; VariantName = "[No Variations]"
Add component (AddParameter): Name = "PackageDescription"; Value = "Chip Capacitor"; VariantName = "[No Variations]"
Add component (AddParameter): Name = "PackageReference"; Value = "C1206"; VariantName = "[No Variations]"
Add component (AddParameter): Name = "Published"; Value = "8-Jun-2000"; VariantName = "[No Variations]"
Add component (AddParameter): Name = "Publisher"; Value = "Altium Limited"; VariantName = "[No Variations]"
Add component (AddParameter): Name = "Value"; Value = "47pF"; VariantName = "[No Variations]"
Added Component: Designator=C16(1608[0603])
Add component. Clean all parameters for all variants
Add component (AddParameter): Name = "LatestRevisionDate"; Value = "29-May-2009"; VariantName = "[No Variations]"
Add component (AddParameter): Name = "LatestRevisionNote"; Value = "IPC-7351 Footprint Added."; VariantName = "[No Variations]"
Add component (AddParameter): Name = "PackageDescription"; Value = "Chip Capacitor"; VariantName = "[No Variations]"
Add component (AddParameter): Name = "PackageReference"; Value = "C1206"; VariantName = "[No Variations]"
Add component (AddParameter): Name = "Published"; Value = "8-Jun-2000"; VariantName = "[No Variations]"
Add component (AddParameter): Name = "Publisher"; Value = "Altium Limited"; VariantName = "[No Variations]"
Add component (AddParameter): Name = "Value"; Value = "47pF"; VariantName = "[No Variations]"
Added Component: Designator=P1(HDR2X10)
Add component. Clean all parameters for all variants
Add component (AddParameter): Name = "LatestRevisionDate"; Value = "17-Jul-2002"; VariantName = "[No Variations]"
Add component (AddParameter): Name = "LatestRevisionNote"; Value = "Re-released for DXP Platform."; VariantName = "[No Variations]"
Add component (AddParameter): Name = "Publisher"; Value = "Altium Limited"; VariantName = "[No Variations]"
Added Component: Designator=R1(J1-0603)
Add component. Clean all parameters for all variants
Add component (AddParameter): Name = "LatestRevisionDate"; Value = "29-May-2009"; VariantName = "[No Variations]"
Add component (AddParameter): Name = "LatestRevisionNote"; Value = "IPC-7351 Footprint Added."; VariantName = "[No Variations]"
Add component (AddParameter): Name = "PackageDescription"; Value = "Chip Resistor"; VariantName = "[No Variations]"
Add component (AddParameter): Name = "PackageReference"; Value = "J1-0603"; VariantName = "[No Variations]"
Add component (AddParameter): Name = "Published"; Value = "8-Jun-2000"; VariantName = "[No Variations]"
Add component (AddParameter): Name = "Publisher"; Value = "Altium Limited"; VariantName = "[No Variations]"
Add component (AddParameter): Name = "Value"; Value = "0R"; VariantName = "[No Variations]"
Added Component: Designator=R2(J1-0603)
Add component. Clean all parameters for all variants
Add component (AddParameter): Name = "LatestRevisionDate"; Value = "29-May-2009"; VariantName = "[No Variations]"
Add component (AddParameter): Name = "LatestRevisionNote"; Value = "IPC-7351 Footprint Added."; VariantName = "[No Variations]"
Add component (AddParameter): Name = "PackageDescription"; Value = "Chip Resistor"; VariantName = "[No Variations]"
Add component (AddParameter): Name = "PackageReference"; Value = "J1-0603"; VariantName = "[No Variations]"
Add component (AddParameter): Name = "Published"; Value = "8-Jun-2000"; VariantName = "[No Variations]"
Add component (AddParameter): Name = "Publisher"; Value = "Altium Limited"; VariantName = "[No Variations]"
Add component (AddParameter): Name = "Value"; Value = "0R"; VariantName = "[No Variations]"
Added Component: Designator=R3(J1-0603)
Add component. Clean all parameters for all variants
Add component (AddParameter): Name = "LatestRevisionDate"; Value = "29-May-2009"; VariantName = "[No Variations]"
Add component (AddParameter): Name = "LatestRevisionNote"; Value = "IPC-7351 Footprint Added."; VariantName = "[No Variations]"
Add component (AddParameter): Name = "PackageDescription"; Value = "Chip Resistor"; VariantName = "[No Variations]"
Add component (AddParameter): Name = "PackageReference"; Value = "J1-0603"; VariantName = "[No Variations]"
Add component (AddParameter): Name = "Published"; Value = "8-Jun-2000"; VariantName = "[No Variations]"
Add component (AddParameter): Name = "Publisher"; Value = "Altium Limited"; VariantName = "[No Variations]"
Add component (AddParameter): Name = "Value"; Value = "0R"; VariantName = "[No Variations]"
Added Component: Designator=R4(J1-0603)
Add component. Clean all parameters for all variants
Add component (AddParameter): Name = "LatestRevisionDate"; Value = "29-May-2009"; VariantName = "[No Variations]"
Add component (AddParameter): Name = "LatestRevisionNote"; Value = "IPC-7351 Footprint Added."; VariantName = "[No Variations]"
Add component (AddParameter): Name = "PackageDescription"; Value = "Chip Resistor"; VariantName = "[No Variations]"
Add component (AddParameter): Name = "PackageReference"; Value = "J1-0603"; VariantName = "[No Variations]"
Add component (AddParameter): Name = "Published"; Value = "8-Jun-2000"; VariantName = "[No Variations]"
Add component (AddParameter): Name = "Publisher"; Value = "Altium Limited"; VariantName = "[No Variations]"
Add component (AddParameter): Name = "Value"; Value = "0R"; VariantName = "[No Variations]"
Added Component: Designator=R5(J1-0603)
Add component. Clean all parameters for all variants
Add component (AddParameter): Name = "LatestRevisionDate"; Value = "29-May-2009"; VariantName = "[No Variations]"
Add component (AddParameter): Name = "LatestRevisionNote"; Value = "IPC-7351 Footprint Added."; VariantName = "[No Variations]"
Add component (AddParameter): Name = "PackageDescription"; Value = "Chip Resistor"; VariantName = "[No Variations]"
Add component (AddParameter): Name = "PackageReference"; Value = "J1-0603"; VariantName = "[No Variations]"
Add component (AddParameter): Name = "Published"; Value = "8-Jun-2000"; VariantName = "[No Variations]"
Add component (AddParameter): Name = "Publisher"; Value = "Altium Limited"; VariantName = "[No Variations]"
Add component (AddParameter): Name = "Value"; Value = "0R"; VariantName = "[No Variations]"
Added Component: Designator=R6(J1-0603)
Add component. Clean all parameters for all variants
Add component (AddParameter): Name = "LatestRevisionDate"; Value = "29-May-2009"; VariantName = "[No Variations]"
Add component (AddParameter): Name = "LatestRevisionNote"; Value = "IPC-7351 Footprint Added."; VariantName = "[No Variations]"
Add component (AddParameter): Name = "PackageDescription"; Value = "Chip Resistor"; VariantName = "[No Variations]"
Add component (AddParameter): Name = "PackageReference"; Value = "J1-0603"; VariantName = "[No Variations]"
Add component (AddParameter): Name = "Published"; Value = "8-Jun-2000"; VariantName = "[No Variations]"
Add component (AddParameter): Name = "Publisher"; Value = "Altium Limited"; VariantName = "[No Variations]"
Add component (AddParameter): Name = "Value"; Value = "0R"; VariantName = "[No Variations]"
Added Component: Designator=R7(J1-0603)
Add component. Clean all parameters for all variants
Add component (AddParameter): Name = "LatestRevisionDate"; Value = "29-May-2009"; VariantName = "[No Variations]"
Add component (AddParameter): Name = "LatestRevisionNote"; Value = "IPC-7351 Footprint Added."; VariantName = "[No Variations]"
Add component (AddParameter): Name = "PackageDescription"; Value = "Chip Resistor"; VariantName = "[No Variations]"
Add component (AddParameter): Name = "PackageReference"; Value = "J1-0603"; VariantName = "[No Variations]"
Add component (AddParameter): Name = "Published"; Value = "8-Jun-2000"; VariantName = "[No Variations]"
Add component (AddParameter): Name = "Publisher"; Value = "Altium Limited"; VariantName = "[No Variations]"
Add component (AddParameter): Name = "Value"; Value = "0R"; VariantName = "[No Variations]"
Added Component: Designator=R8(J1-0603)
Add component. Clean all parameters for all variants
Add component (AddParameter): Name = "LatestRevisionDate"; Value = "29-May-2009"; VariantName = "[No Variations]"
Add component (AddParameter): Name = "LatestRevisionNote"; Value = "IPC-7351 Footprint Added."; VariantName = "[No Variations]"
Add component (AddParameter): Name = "PackageDescription"; Value = "Chip Resistor"; VariantName = "[No Variations]"
Add component (AddParameter): Name = "PackageReference"; Value = "J1-0603"; VariantName = "[No Variations]"
Add component (AddParameter): Name = "Published"; Value = "8-Jun-2000"; VariantName = "[No Variations]"
Add component (AddParameter): Name = "Publisher"; Value = "Altium Limited"; VariantName = "[No Variations]"
Add component (AddParameter): Name = "Value"; Value = "0R"; VariantName = "[No Variations]"
Added Component: Designator=R9(J1-0603)
Add component. Clean all parameters for all variants
Add component (AddParameter): Name = "LatestRevisionDate"; Value = "29-May-2009"; VariantName = "[No Variations]"
Add component (AddParameter): Name = "LatestRevisionNote"; Value = "IPC-7351 Footprint Added."; VariantName = "[No Variations]"
Add component (AddParameter): Name = "PackageDescription"; Value = "Chip Resistor"; VariantName = "[No Variations]"
Add component (AddParameter): Name = "PackageReference"; Value = "J1-0603"; VariantName = "[No Variations]"
Add component (AddParameter): Name = "Published"; Value = "8-Jun-2000"; VariantName = "[No Variations]"
Add component (AddParameter): Name = "Publisher"; Value = "Altium Limited"; VariantName = "[No Variations]"
Add component (AddParameter): Name = "Value"; Value = "0R"; VariantName = "[No Variations]"
Added Component: Designator=R10(J1-0603)
Add component. Clean all parameters for all variants
Add component (AddParameter): Name = "LatestRevisionDate"; Value = "29-May-2009"; VariantName = "[No Variations]"
Add component (AddParameter): Name = "LatestRevisionNote"; Value = "IPC-7351 Footprint Added."; VariantName = "[No Variations]"
Add component (AddParameter): Name = "PackageDescription"; Value = "Chip Resistor"; VariantName = "[No Variations]"
Add component (AddParameter): Name = "PackageReference"; Value = "J1-0603"; VariantName = "[No Variations]"
Add component (AddParameter): Name = "Published"; Value = "8-Jun-2000"; VariantName = "[No Variations]"
Add component (AddParameter): Name = "Publisher"; Value = "Altium Limited"; VariantName = "[No Variations]"
Add component (AddParameter): Name = "Value"; Value = "0R"; VariantName = "[No Variations]"
Added Component: Designator=R39(J1-0603)
Add component. Clean all parameters for all variants
Add component (AddParameter): Name = "LatestRevisionDate"; Value = "29-May-2009"; VariantName = "[No Variations]"
Add component (AddParameter): Name = "LatestRevisionNote"; Value = "IPC-7351 Footprint Added."; VariantName = "[No Variations]"
Add component (AddParameter): Name = "PackageDescription"; Value = "Chip Resistor"; VariantName = "[No Variations]"
Add component (AddParameter): Name = "PackageReference"; Value = "J1-0603"; VariantName = "[No Variations]"
Add component (AddParameter): Name = "Published"; Value = "8-Jun-2000"; VariantName = "[No Variations]"
Add component (AddParameter): Name = "Publisher"; Value = "Altium Limited"; VariantName = "[No Variations]"
Add component (AddParameter): Name = "Value"; Value = "0R"; VariantName = "[No Variations]"
Added Component: Designator=T1(SOT65P210X110-6N)
Add component. Clean all parameters for all variants
Add component (AddParameter): Name = "Author"; Value = "CERN DEM JMW"; VariantName = "[No Variations]"
Add component (AddParameter): Name = "Bonding"; Value = "No"; VariantName = "[No Variations]"
Add component (AddParameter): Name = "Case"; Value = "SOT363"; VariantName = "[No Variations]"
Add component (AddParameter): Name = "ComponentHeight"; Value = "1.1mm"; VariantName = "[No Variations]"
Add component (AddParameter): Name = "Component Type"; Value = "Standard"; VariantName = "[No Variations]"
Add component (AddParameter): Name = "CreateDate"; Value = "10.07.2015"; VariantName = "[No Variations]"
Add component (AddParameter): Name = "Device"; Value = "BC847BS"; VariantName = "[No Variations]"
Add component (AddParameter): Name = "HelpURL"; Value = "\\cern.ch\dfs\Applications\Altium\Datasheets\BC847BS.pdf"; VariantName = "[No Variations]"
Add component (AddParameter): Name = "LatestRevisionDate"; Value = "10.07.2015"; VariantName = "[No Variations]"
Add component (AddParameter): Name = "Manufacturer"; Value = "NXP SEMICONDUCTORS"; VariantName = "[No Variations]"
Add component (AddParameter): Name = "Manufacturer Part Number"; Value = "BC847BS"; VariantName = "[No Variations]"
Add component (AddParameter): Name = "Mounted"; Value = "Yes"; VariantName = "[No Variations]"
Add component (AddParameter): Name = "PackageDescription"; Value = "SOT363, SC-88, SOT, 0.65mm Pitch, 6 pin, 1.25mm W X 2.00mm L X 1.10mm H, IPC Medium Density"; VariantName = "[No Variations]"
Add component (AddParameter): Name = "Part Description"; Value = "45V 100mA Dual NPN General-Purpose Transistor"; VariantName = "[No Variations]"
Add component (AddParameter): Name = "Part Number"; Value = "BC847BS"; VariantName = "[No Variations]"
Add component (AddParameter): Name = "Pin Count"; Value = "6"; VariantName = "[No Variations]"
Add component (AddParameter): Name = "PressFit"; Value = "No"; VariantName = "[No Variations]"
Add component (AddParameter): Name = "Sense"; Value = "No"; VariantName = "[No Variations]"
Add component (AddParameter): Name = "SMD"; Value = "Yes"; VariantName = "[No Variations]"
Add component (AddParameter): Name = "Socket"; Value = "No"; VariantName = "[No Variations]"
Added Pin To Net: NetName=USB_DEV_P Pin=C15-1
Added Pin To Net: NetName=GND Pin=C15-2
Added Pin To Net: NetName=USB_DEV_N Pin=C16-1
Added Pin To Net: NetName=GND Pin=C16-2
Added Pin To Net: NetName=GND Pin=P1-1
Added Pin To Net: NetName=3V3 Pin=P1-2
Added Pin To Net: NetName=USB_DEV_P Pin=P1-3
Added Pin To Net: NetName=3V3 Pin=P1-4
Added Pin To Net: NetName=USB_DEV_N Pin=P1-5
Added Pin To Net: NetName=3V3 Pin=P1-6
Added Pin To Net: NetName=GND Pin=P1-7
Added Pin To Net: NetName=3V3 Pin=P1-8
Added Pin To Net: NetName=GND Pin=P1-19
Added Pin To Net: NetName=GND Pin=P1-20
Added Pin To Net: NetName=VIN Pin=Q3-1
Added Pin To Net: NetName=WALLGT Pin=Q3-2
Added Pin To Net: NetName=VDC Pin=Q3-3
Added Pin To Net: NetName=GOOD_BAT Pin=R1-1
Added Pin To Net: NetName=BAT_ALRT Pin=R2-2
Added Pin To Net: NetName=CHG_AL Pin=R3-1
Added Pin To Net: NetName=BAT_SDA Pin=R4-2
Added Pin To Net: NetName=CHG_DET Pin=R5-1
Added Pin To Net: NetName=BAT_SCL Pin=R6-2
Added Pin To Net: NetName=CHG_IRQ Pin=R7-2
Added Pin To Net: NetName=CHG_SDA Pin=R8-2
Added Pin To Net: NetName=SW_OPEN Pin=R9-1
Added Pin To Net: NetName=CHG_SCL Pin=R10-2
Added Pin To Net: NetName=3V3 Pin=R11-2
Added Pin To Net: NetName=VBUS Pin=R18-1
Added Pin To Net: NetName=3V3 Pin=R19-2
Added Pin To Net: NetName=GND Pin=R21-2
Added Pin To Net: NetName=USB_DEV_P Pin=R22-1
Added Pin To Net: NetName=GND Pin=T1-1
Added Pin To Net: NetName=3V3 Pin=T1-3
Change Net Name : Old Net Name=NetC8_2 New Net Name=NetC11_2
Change Net Name : Old Net Name=NetC9_1 New Net Name=NetC12_1
Change Net Name : Old Net Name=NetC10_2 New Net Name=NetC13_2
Change Net Name : Old Net Name=NetC11_2 New Net Name=NetC14_2
Change Net Name : Old Net Name=NetC13_2 New Net Name=NetC18_2
Change Net Name : Old Net Name=NetC14_2 New Net Name=NetC19_2
Change Net Name : Old Net Name=NetR37_1 New Net Name=NetR24_1
Change Net Name : Old Net Name=NetR45_1 New Net Name=NetR32_1
Change Net Name : Old Net Name=NetR49_1 New Net Name=NetR36_1
Added Pin To Net: NetName=NetP1_9 Pin=P1-9
Added Pin To Net: NetName=NetP1_9 Pin=R39-2
Added Net: Name=NetP1_9
Added Pin To Net: NetName=NetP1_10 Pin=P1-10
Added Pin To Net: NetName=NetP1_10 Pin=R11-1
Added Pin To Net: NetName=NetP1_10 Pin=RTC-2
Added Net: Name=NetP1_10
Added Pin To Net: NetName=NetP1_11 Pin=P1-11
Added Pin To Net: NetName=NetP1_11 Pin=R9-2
Added Net: Name=NetP1_11
Added Pin To Net: NetName=NetP1_12 Pin=P1-12
Added Pin To Net: NetName=NetP1_12 Pin=R7-1
Added Net: Name=NetP1_12
Added Pin To Net: NetName=NetP1_13 Pin=P1-13
Added Pin To Net: NetName=NetP1_13 Pin=R5-2
Added Net: Name=NetP1_13
Added Pin To Net: NetName=NetP1_14 Pin=P1-14
Added Pin To Net: NetName=NetP1_14 Pin=R2-1
Added Net: Name=NetP1_14
Added Pin To Net: NetName=NetP1_15 Pin=P1-15
Added Pin To Net: NetName=NetP1_15 Pin=R3-2
Added Net: Name=NetP1_15
Added Pin To Net: NetName=NetP1_17 Pin=P1-17
Added Pin To Net: NetName=NetP1_17 Pin=R1-2
Added Net: Name=NetP1_17
Added Pin To Net: NetName=NetQ3_4 Pin=Q3-4
Added Pin To Net: NetName=NetQ3_4 Pin=R35-2
Added Pin To Net: NetName=NetQ3_4 Pin=T3-6
Added Net: Name=NetQ3_4
Added Pin To Net: NetName=NetR18_2 Pin=R18-2
Added Pin To Net: NetName=NetR18_2 Pin=R21-1
Added Pin To Net: NetName=NetR18_2 Pin=T1-5
Added Pin To Net: NetName=NetR18_2 Pin=T1-6
Added Net: Name=NetR18_2
Added Pin To Net: NetName=NetR19_1 Pin=R19-1
Added Pin To Net: NetName=NetR19_1 Pin=R20-1
Added Pin To Net: NetName=NetR19_1 Pin=T1-2
Added Net: Name=NetR19_1
Added Pin To Net: NetName=NetR22_2 Pin=R22-2
Added Pin To Net: NetName=NetR22_2 Pin=T1-4
Added Net: Name=NetR22_2
Added Pin To Net: NetName=PWR_SCL Pin=P1-16
Added Pin To Net: NetName=PWR_SCL Pin=R6-1
Added Pin To Net: NetName=PWR_SCL Pin=R10-1
Added Net: Name=PWR_SCL
Added Pin To Net: NetName=PWR_SDA Pin=P1-18
Added Pin To Net: NetName=PWR_SDA Pin=R4-1
Added Pin To Net: NetName=PWR_SDA Pin=R8-1
Added Net: Name=PWR_SDA
Added Pin To Net: NetName=USB_PU Pin=R20-2
Added Pin To Net: NetName=USB_PU Pin=R39-1
Added Net: Name=USB_PU
Added Member To Class: ClassName=U_[01] Power Member=Component C15 Cap Semi
Added Member To Class: ClassName=U_[01] Power Member=Component C16 Cap Semi
Added Member To Class: ClassName=U_[01] Power Member=Component C17 Cap Semi
Added Member To Class: ClassName=U_[01] Power Member=Component C18 Cap Semi
Added Member To Class: ClassName=U_[01] Power Member=Component C19 Cap Semi
Added Member To Class: ClassName=[00] Block Diagram Member=Component P1 Header 10X2
Added Member To Class: ClassName=[00] Block Diagram Member=Component R1 Res3
Added Member To Class: ClassName=[00] Block Diagram Member=Component R2 Res3
Added Member To Class: ClassName=[00] Block Diagram Member=Component R3 Res3
Added Member To Class: ClassName=[00] Block Diagram Member=Component R4 Res3
Added Member To Class: ClassName=[00] Block Diagram Member=Component R5 Res3
Added Member To Class: ClassName=[00] Block Diagram Member=Component R6 Res3
Added Member To Class: ClassName=[00] Block Diagram Member=Component R7 Res3
Added Member To Class: ClassName=[00] Block Diagram Member=Component R8 Res3
Added Member To Class: ClassName=[00] Block Diagram Member=Component R9 Res3
Added Member To Class: ClassName=[00] Block Diagram Member=Component R10 Res3
Added Member To Class: ClassName=U_[01] Power Member=Component R18 Res3
Added Member To Class: ClassName=U_[01] Power Member=Component R19 Res3
Added Member To Class: ClassName=U_[01] Power Member=Component R20 Res3
Added Member To Class: ClassName=U_[01] Power Member=Component R21 Res3
Added Member To Class: ClassName=U_[01] Power Member=Component R22 Res3
Added Member To Class: ClassName=[00] Block Diagram Member=Component R39 Res3
Added Member To Class: ClassName=U_[01] Power Member=Component R40 Res3
Added Member To Class: ClassName=U_[01] Power Member=Component RTC Header 2
Added Member To Class: ClassName=U_[01] Power Member=Component T3 BC847BS
Added Room: Name=[00] Block Diagram
Added Room: Name=U_[01] Power
